c:\users\scheffauerm\source\repos\classcar\classcar\debug\vc142.pdb
c:\users\scheffauerm\source\repos\classcar\classcar\debug\vc142.idb
c:\users\scheffauerm\source\repos\classcar\classcar\debug\main.obj
c:\users\scheffauerm\source\repos\classcar\classcar\debug\motor.obj
c:\users\scheffauerm\source\repos\classcar\classcar\debug\car.obj
c:\users\scheffauerm\source\repos\classcar\classcar\debug\wheel.obj
c:\users\scheffauerm\source\repos\classcar\classcar\debug\engine.obj
c:\users\scheffauerm\source\repos\classcar\debug\classcar.exe
c:\users\scheffauerm\source\repos\classcar\debug\classcar.ilk
c:\users\scheffauerm\source\repos\classcar\debug\classcar.pdb
c:\temp\hort\trainings\cucpp\hausuebung03\hw03_martinscheffauer\src\autobau\classcar\classcar\debug\car.obj
c:\temp\hort\trainings\cucpp\hausuebung03\hw03_martinscheffauer\src\autobau\classcar\classcar\debug\engine.obj
c:\temp\hort\trainings\cucpp\hausuebung03\hw03_martinscheffauer\src\autobau\classcar\classcar\debug\main.obj
c:\temp\hort\trainings\cucpp\hausuebung03\hw03_martinscheffauer\src\autobau\classcar\classcar\debug\motor.obj
c:\temp\hort\trainings\cucpp\hausuebung03\hw03_martinscheffauer\src\autobau\classcar\classcar\debug\wheel.obj
c:\temp\hort\trainings\cucpp\hausuebung03\hw03_martinscheffauer\src\autobau\classcar\classcar\debug\vc142.idb
c:\temp\hort\trainings\cucpp\hausuebung03\hw03_martinscheffauer\src\autobau\classcar\classcar\debug\vc142.pdb
c:\temp\hort\trainings\cucpp\hausuebung03\hw03_martinscheffauer\src\autobau\classcar\debug\classcar.pdb
c:\temp\hort\trainings\cucpp\hausuebung03\hw03_martinscheffauer\src\autobau\classcar\debug\classcar.exe
c:\temp\hort\trainings\cucpp\hausuebung03\hw03_martinscheffauer\src\autobau\classcar\debug\classcar.ilk
c:\temp\hort\trainings\cucpp\hausuebung03\hw03_martinscheffauer\src\autobau\classcar\classcar\debug\classcar.tlog\cl.command.1.tlog
c:\temp\hort\trainings\cucpp\hausuebung03\hw03_martinscheffauer\src\autobau\classcar\classcar\debug\classcar.tlog\cl.read.1.tlog
c:\temp\hort\trainings\cucpp\hausuebung03\hw03_martinscheffauer\src\autobau\classcar\classcar\debug\classcar.tlog\cl.write.1.tlog
c:\temp\hort\trainings\cucpp\hausuebung03\hw03_martinscheffauer\src\autobau\classcar\classcar\debug\classcar.tlog\link.command.1.tlog
c:\temp\hort\trainings\cucpp\hausuebung03\hw03_martinscheffauer\src\autobau\classcar\classcar\debug\classcar.tlog\link.read.1.tlog
c:\temp\hort\trainings\cucpp\hausuebung03\hw03_martinscheffauer\src\autobau\classcar\classcar\debug\classcar.tlog\link.write.1.tlog
